Volume: -9.0
Volume set to 30%
[353, 304]
Volume: -18.0
Volume set to 30%
Listening...
Volume: -18.0
Volume set to 30%
[353, 304]
Volume: -18.0
Volume set to 20%
Volume: -27.0
Volume set to 20%
Volume: -27.0
Volume set to 20%
Volume: -27.0
Speaker muted
Volume: -27.0
Speaker muted
Volume: -27.0
Volume set to 20%
Volume: -27.0
Volume set to 20%
Volume: -27.0
Volume set to 20%
Volume: -27.0
Volume set to 20%
Volume: -27.0
Speaker muted
Volume: -27.0
Speaker muted
Volume: -27.0
Speaker muted
Volume: -27.0
Volume set to 20%
Volume: -27.0
Volume set to 20%
Listening...
Volume: -27.0
Volume set to 20%
Volume: -27.0
Volume set to 20%
Volume: -27.0
Volume set to 20%
User said: speaker
Volume: -27.0
Volume set to 20%
Volume: -27.0
Volume set to 20%
Volume: -27.0
Speaker muted
Volume: -27.0
Volume set to 20%
Listening...
Volume: -27.0
Volume set to 20%
Volume: -27.0
Volume set to 20%
Volume: -27.0
Volume set to 20%
Volume: -27.0
Volume set to 20%
[745, 400]
